<?xml version="1.0" encoding="UTF-8"?>
<!-- Generated by org.testng.reporters.JUnitReportReporter -->
<testsuite hostname="DESKTOP-65LSBDS" failures="0" tests="3" name="TestNGwithRahul.Day3" time="0.038" errors="0" timestamp="22 Apr 2020 20:09:53 GMT" skipped="0">
  <testcase classname="TestNGwithRahul.Day3" name="APILoginCarLoan" time="0.016"/>
  <testcase classname="TestNGwithRahul.Day3" name="WebLoginCarLoan" time="0.006"/>
  <testcase classname="TestNGwithRahul.Day3" name="MobileLoginCarLoan" time="0.016"/>
</testsuite> <!-- TestNGwithRahul.Day3 -->
