<?xml version="1.0" encoding="UTF-8"?>
<!-- Generated by org.testng.reporters.JUnitReportReporter -->
<testsuite hostname="DESKTOP-65LSBDS" failures="0" tests="3" name="TestNGwithRahul.Day4" time="0.003" errors="0" timestamp="22 Apr 2020 20:09:53 GMT" skipped="1">
  <testcase classname="TestNGwithRahul.Day4" name="MobileLoginHomeLoan" time="0.001"/>
  <testcase classname="TestNGwithRahul.Day4" name="APILoginHomeLoan" time="0.002"/>
  <testcase classname="TestNGwithRahul.Day4" name="WebLoginHomeLoan">
    <skipped/>
  </testcase> <!-- WebLoginHomeLoan -->
</testsuite> <!-- TestNGwithRahul.Day4 -->
