<?xml version="1.0" encoding="UTF-8"?>
<!-- Generated by org.testng.reporters.JUnitReportReporter -->
<testsuite hostname="DESKTOP-65LSBDS" failures="0" tests="1" name="SeleniumPracticeWithRahul.testNG" time="0.017" errors="0" timestamp="21 Apr 2020 17:38:07 GMT" skipped="0">
  <testcase classname="SeleniumPracticeWithRahul.testNG" name="Demo" time="0.017"/>
</testsuite> <!-- SeleniumPracticeWithRahul.testNG -->
