<?xml version="1.0" encoding="UTF-8"?>
<!-- Generated by org.testng.reporters.JUnitReportReporter -->
<testsuite hostname="DESKTOP-65LSBDS" failures="0" tests="5" name="TestNGwithRahul.Day1" time="0.027" errors="0" timestamp="22 Apr 2020 20:09:53 GMT" skipped="1">
  <testcase classname="TestNGwithRahul.Day1" name="Test2" time="0.002"/>
  <testcase classname="TestNGwithRahul.Day1" name="PersonalLoanSIGNIN" time="0.011"/>
  <testcase classname="TestNGwithRahul.Day1" name="PersonalLoanSIGNIN" time="0.002"/>
  <testcase classname="TestNGwithRahul.Day1" name="PersonalLoanSIGNIN" time="0.012"/>
  <testcase classname="TestNGwithRahul.Day1" name="Test1">
    <skipped/>
  </testcase> <!-- Test1 -->
</testsuite> <!-- TestNGwithRahul.Day1 -->
