<?xml version="1.0" encoding="UTF-8"?>
<!-- Generated by org.testng.reporters.JUnitReportReporter -->
<testsuite hostname="DESKTOP-65LSBDS" failures="0" tests="2" name="TestNGwithRahul.TestNG" time="0.015" errors="0" timestamp="21 Apr 2020 18:00:08 GMT" skipped="0">
  <testcase classname="TestNGwithRahul.TestNG" name="Test2" time="0.002"/>
  <testcase classname="TestNGwithRahul.TestNG" name="Test1" time="0.013"/>
</testsuite> <!-- TestNGwithRahul.TestNG -->
