<?xml version="1.0" encoding="UTF-8"?>
<!-- Generated by org.testng.reporters.JUnitReportReporter -->
<testsuite hostname="DESKTOP-65LSBDS" failures="0" tests="2" name="testNG_files.GlobalVariables" time="0.015" errors="0" timestamp="22 Apr 2020 22:25:53 GMT" skipped="0">
  <testcase classname="testNG_files.GlobalVariables" name="Login" time="0.014"/>
  <testcase classname="testNG_files.GlobalVariables" name="Software" time="0.001"/>
</testsuite> <!-- testNG_files.GlobalVariables -->
